c:\users\administrator\desktop\framework\engine\default\x64\debug\vc140.pdb
c:\users\administrator\desktop\framework\engine\default\x64\debug\vc140.idb
c:\users\administrator\desktop\framework\engine\default\x64\debug\base.obj
c:\users\administrator\desktop\framework\engine\default\x64\debug\component.obj
c:\users\administrator\desktop\framework\engine\default\x64\debug\component_manager.obj
c:\users\administrator\desktop\framework\engine\default\x64\debug\gameinstance.obj
c:\users\administrator\desktop\framework\engine\default\x64\debug\gameobject.obj
c:\users\administrator\desktop\framework\engine\default\x64\debug\gameobject_manager.obj
c:\users\administrator\desktop\framework\engine\default\x64\debug\graphic_device.obj
c:\users\administrator\desktop\framework\engine\default\x64\debug\layer.obj
c:\users\administrator\desktop\framework\engine\default\x64\debug\level.obj
c:\users\administrator\desktop\framework\engine\default\x64\debug\level_manager.obj
c:\users\administrator\desktop\framework\engine\default\x64\debug\renderer.obj
c:\users\administrator\desktop\framework\engine\default\x64\debug\vibuffer.obj
c:\users\administrator\desktop\framework\engine\default\x64\debug\vibuffer_rect.obj
c:\users\administrator\desktop\framework\engine\bin\engine.lib
c:\users\administrator\desktop\framework\engine\bin\engine.exp
c:\users\administrator\desktop\framework\engine\bin\engine.ilk
c:\users\administrator\desktop\framework\engine\bin\engine.dll
c:\users\administrator\desktop\framework\engine\bin\engine.pdb
c:\users\administrator\desktop\framework\engine\default\..\bin\engine.dll
c:\users\administrator\desktop\framework\engine\default\x64\debug\engine.tlog\cl.command.1.tlog
c:\users\administrator\desktop\framework\engine\default\x64\debug\engine.tlog\cl.read.1.tlog
c:\users\administrator\desktop\framework\engine\default\x64\debug\engine.tlog\cl.write.1.tlog
c:\users\administrator\desktop\framework\engine\default\x64\debug\engine.tlog\engine.write.1u.tlog
c:\users\administrator\desktop\framework\engine\default\x64\debug\engine.tlog\link.command.1.tlog
c:\users\administrator\desktop\framework\engine\default\x64\debug\engine.tlog\link.read.1.tlog
c:\users\administrator\desktop\framework\engine\default\x64\debug\engine.tlog\link.write.1.tlog
