c:\project\dungeon_defendus\framework_persnal\tool\tool\tool\x64\debug\tool.pch
c:\project\dungeon_defendus\framework_persnal\tool\tool\tool\x64\debug\vc140.pdb
c:\project\dungeon_defendus\framework_persnal\tool\tool\tool\x64\debug\vc140.idb
c:\project\dungeon_defendus\framework_persnal\tool\tool\tool\x64\debug\stdafx.obj
c:\project\dungeon_defendus\framework_persnal\tool\tool\tool\x64\debug\tool.obj
c:\project\dungeon_defendus\framework_persnal\tool\tool\tool\x64\debug\tooldoc.obj
c:\project\dungeon_defendus\framework_persnal\tool\tool\tool\x64\debug\toolview.obj
c:\project\dungeon_defendus\framework_persnal\tool\tool\tool\x64\debug\mainfrm.obj
c:\project\dungeon_defendus\framework_persnal\tool\tool\tool\x64\debug\form.obj
c:\project\dungeon_defendus\framework_persnal\x64\debug\tool.ilk
c:\project\dungeon_defendus\framework_persnal\x64\debug\tool.exe
c:\project\dungeon_defendus\framework_persnal\x64\debug\tool.pdb
c:\project\dungeon_defendus\framework_persnal\tool\tool\tool\x64\debug\tool.res
c:\project\dungeon_defendus\framework_persnal\tool\tool\tool\x64\debug\tool.tlog\cl.command.1.tlog
c:\project\dungeon_defendus\framework_persnal\tool\tool\tool\x64\debug\tool.tlog\cl.read.1.tlog
c:\project\dungeon_defendus\framework_persnal\tool\tool\tool\x64\debug\tool.tlog\cl.write.1.tlog
c:\project\dungeon_defendus\framework_persnal\tool\tool\tool\x64\debug\tool.tlog\link.command.1.tlog
c:\project\dungeon_defendus\framework_persnal\tool\tool\tool\x64\debug\tool.tlog\link.read.1.tlog
c:\project\dungeon_defendus\framework_persnal\tool\tool\tool\x64\debug\tool.tlog\link.write.1.tlog
c:\project\dungeon_defendus\framework_persnal\tool\tool\tool\x64\debug\tool.tlog\rc.command.1.tlog
c:\project\dungeon_defendus\framework_persnal\tool\tool\tool\x64\debug\tool.tlog\rc.read.1.tlog
c:\project\dungeon_defendus\framework_persnal\tool\tool\tool\x64\debug\tool.tlog\rc.write.1.tlog
