c:\project\dungeon_defendus\framework_persnal\client\default\x64\debug\client.pch
c:\project\dungeon_defendus\framework_persnal\client\default\x64\debug\vc140.pdb
c:\project\dungeon_defendus\framework_persnal\client\default\x64\debug\vc140.idb
c:\project\dungeon_defendus\framework_persnal\client\default\x64\debug\stdafx.obj
c:\project\dungeon_defendus\framework_persnal\client\default\x64\debug\background_logo.obj
c:\project\dungeon_defendus\framework_persnal\client\default\x64\debug\level_loading.obj
c:\project\dungeon_defendus\framework_persnal\client\default\x64\debug\level_logo.obj
c:\project\dungeon_defendus\framework_persnal\client\default\x64\debug\loading.obj
c:\project\dungeon_defendus\framework_persnal\client\default\x64\debug\mainapp.obj
c:\project\dungeon_defendus\framework_persnal\client\default\x64\debug\client.obj
c:\project\dungeon_defendus\framework_persnal\client\bin\shader_default.cso
c:\project\dungeon_defendus\framework_persnal\client\bin\client.ilk
c:\project\dungeon_defendus\framework_persnal\client\bin\client.exe
c:\project\dungeon_defendus\framework_persnal\client\bin\client.pdb
c:\project\dungeon_defendus\framework_persnal\client\default\x64\debug\client.res
c:\project\dungeon_defendus\framework_persnal\client\default\..\bin\client.exe
c:\project\dungeon_defendus\framework_persnal\client\default\x64\debug\client.tlog\cl.command.1.tlog
c:\project\dungeon_defendus\framework_persnal\client\default\x64\debug\client.tlog\cl.read.1.tlog
c:\project\dungeon_defendus\framework_persnal\client\default\x64\debug\client.tlog\cl.write.1.tlog
c:\project\dungeon_defendus\framework_persnal\client\default\x64\debug\client.tlog\client.write.1u.tlog
c:\project\dungeon_defendus\framework_persnal\client\default\x64\debug\client.tlog\fxc.command.1.tlog
c:\project\dungeon_defendus\framework_persnal\client\default\x64\debug\client.tlog\fxc.read.1.tlog
c:\project\dungeon_defendus\framework_persnal\client\default\x64\debug\client.tlog\fxc.write.1.tlog
c:\project\dungeon_defendus\framework_persnal\client\default\x64\debug\client.tlog\link.command.1.tlog
c:\project\dungeon_defendus\framework_persnal\client\default\x64\debug\client.tlog\link.read.1.tlog
c:\project\dungeon_defendus\framework_persnal\client\default\x64\debug\client.tlog\link.write.1.tlog
c:\project\dungeon_defendus\framework_persnal\client\default\x64\debug\client.tlog\rc.command.1.tlog
c:\project\dungeon_defendus\framework_persnal\client\default\x64\debug\client.tlog\rc.read.1.tlog
c:\project\dungeon_defendus\framework_persnal\client\default\x64\debug\client.tlog\rc.write.1.tlog
